Determining if the pthread_create exist failed with the following output:
Change Dir: /root/self-build/CMakeFiles/CMakeTmp

Run Build Command:/usr/bin/gmake "cmTryCompileExec3820938256/fast"
/usr/bin/gmake -f CMakeFiles/cmTryCompileExec3820938256.dir/build.make CMakeFiles/cmTryCompileExec3820938256.dir/build
gmake[1]: Entering directory `/root/self-build/CMakeFiles/CMakeTmp'
/usr/bin/cmake -E cmake_progress_report /root/self-build/CMakeFiles/CMakeTmp/CMakeFiles 1
Building C object CMakeFiles/cmTryCompileExec3820938256.dir/CheckSymbolExists.c.o
/usr/lib/ccache/cc    -o CMakeFiles/cmTryCompileExec3820938256.dir/CheckSymbolExists.c.o   -c /root/self-build/CMakeFiles/CMakeTmp/CheckSymbolExists.c
Linking C executable cmTryCompileExec3820938256
/usr/bin/cmake -E cmake_link_script CMakeFiles/cmTryCompileExec3820938256.dir/link.txt --verbose=1
/usr/lib/ccache/cc         CMakeFiles/cmTryCompileExec3820938256.dir/CheckSymbolExists.c.o  -o cmTryCompileExec3820938256 -rdynamic 
CMakeFiles/cmTryCompileExec3820938256.dir/CheckSymbolExists.c.o: In function `main':
CheckSymbolExists.c:(.text+0xa): undefined reference to `pthread_create'
collect2: error: ld returned 1 exit status
gmake[1]: *** [cmTryCompileExec3820938256] Error 1
gmake[1]: Leaving directory `/root/self-build/CMakeFiles/CMakeTmp'
gmake: *** [cmTryCompileExec3820938256/fast] Error 2

File /root/self-build/CMakeFiles/CMakeTmp/CheckSymbolExists.c:
/* */
#include <pthread.h>

int main(int argc, char** argv)
{
  (void)argv;
#ifndef pthread_create
  return ((int*)(&pthread_create))[argc];
#else
  (void)argc;
  return 0;
#endif
}

Determining if the function pthread_create exists in the pthreads failed with the following output:
Change Dir: /root/self-build/CMakeFiles/CMakeTmp

Run Build Command:/usr/bin/gmake "cmTryCompileExec402482129/fast"
/usr/bin/gmake -f CMakeFiles/cmTryCompileExec402482129.dir/build.make CMakeFiles/cmTryCompileExec402482129.dir/build
gmake[1]: Entering directory `/root/self-build/CMakeFiles/CMakeTmp'
/usr/bin/cmake -E cmake_progress_report /root/self-build/CMakeFiles/CMakeTmp/CMakeFiles 1
Building C object CMakeFiles/cmTryCompileExec402482129.dir/CheckFunctionExists.c.o
/usr/lib/ccache/cc   -DCHECK_FUNCTION_EXISTS=pthread_create   -o CMakeFiles/cmTryCompileExec402482129.dir/CheckFunctionExists.c.o   -c /usr/share/cmake/Modules/CheckFunctionExists.c
Linking C executable cmTryCompileExec402482129
/usr/bin/cmake -E cmake_link_script CMakeFiles/cmTryCompileExec402482129.dir/link.txt --verbose=1
/usr/lib/ccache/cc     -DCHECK_FUNCTION_EXISTS=pthread_create    CMakeFiles/cmTryCompileExec402482129.dir/CheckFunctionExists.c.o  -o cmTryCompileExec402482129 -rdynamic -lpthreads 
/usr/bin/ld: cannot find -lpthreads
collect2: error: ld returned 1 exit status
gmake[1]: *** [cmTryCompileExec402482129] Error 1
gmake[1]: Leaving directory `/root/self-build/CMakeFiles/CMakeTmp'
gmake: *** [cmTryCompileExec402482129/fast] Error 2


