The system is: Linux - 3.9.5-301.fc19.i686.PAE - i686
Compiling the C compiler identification source file "CMakeCCompilerId.c" succeeded.
Compiler: /usr/lib/ccache/cc 
Build flags: 
Id flags: 

The output was:
0


Compilation of the C compiler identification source "CMakeCCompilerId.c" produced "a.out"

The C compiler identification is GNU, found in "/root/self-build/CMakeFiles/2.8.11/CompilerIdC/a.out"

Compiling the CXX compiler identification source file "CMakeCXXCompilerId.cpp" succeeded.
Compiler: /usr/lib/ccache/c++ 
Build flags: 
Id flags: 

The output was:
0


Compilation of the CXX compiler identification source "CMakeCXXCompilerId.cpp" produced "a.out"

The CXX compiler identification is GNU, found in "/root/self-build/CMakeFiles/2.8.11/CompilerIdCXX/a.out"

Determining if the C compiler works passed with the following output:
Change Dir: /root/self-build/CMakeFiles/CMakeTmp

Run Build Command:/usr/bin/gmake "cmTryCompileExec2905953400/fast"
/usr/bin/gmake -f CMakeFiles/cmTryCompileExec2905953400.dir/build.make CMakeFiles/cmTryCompileExec2905953400.dir/build
gmake[1]: Entering directory `/root/self-build/CMakeFiles/CMakeTmp'
/usr/bin/cmake -E cmake_progress_report /root/self-build/CMakeFiles/CMakeTmp/CMakeFiles 1
Building C object CMakeFiles/cmTryCompileExec2905953400.dir/testCCompiler.c.o
/usr/lib/ccache/cc    -o CMakeFiles/cmTryCompileExec2905953400.dir/testCCompiler.c.o   -c /root/self-build/CMakeFiles/CMakeTmp/testCCompiler.c
Linking C executable cmTryCompileExec2905953400
/usr/bin/cmake -E cmake_link_script CMakeFiles/cmTryCompileExec2905953400.dir/link.txt --verbose=1
/usr/lib/ccache/cc         CMakeFiles/cmTryCompileExec2905953400.dir/testCCompiler.c.o  -o cmTryCompileExec2905953400 -rdynamic 
gmake[1]: Leaving directory `/root/self-build/CMakeFiles/CMakeTmp'


Detecting C compiler ABI info compiled with the following output:
Change Dir: /root/self-build/CMakeFiles/CMakeTmp

Run Build Command:/usr/bin/gmake "cmTryCompileExec1417018438/fast"
/usr/bin/gmake -f CMakeFiles/cmTryCompileExec1417018438.dir/build.make CMakeFiles/cmTryCompileExec1417018438.dir/build
gmake[1]: Entering directory `/root/self-build/CMakeFiles/CMakeTmp'
/usr/bin/cmake -E cmake_progress_report /root/self-build/CMakeFiles/CMakeTmp/CMakeFiles 1
Building C object CMakeFiles/cmTryCompileExec1417018438.dir/CMakeCCompilerABI.c.o
/usr/lib/ccache/cc    -o CMakeFiles/cmTryCompileExec1417018438.dir/CMakeCCompilerABI.c.o   -c /usr/share/cmake/Modules/CMakeCCompilerABI.c
Linking C executable cmTryCompileExec1417018438
/usr/bin/cmake -E cmake_link_script CMakeFiles/cmTryCompileExec1417018438.dir/link.txt --verbose=1
/usr/lib/ccache/cc       -v CMakeFiles/cmTryCompileExec1417018438.dir/CMakeCCompilerABI.c.o  -o cmTryCompileExec1417018438 -rdynamic  
Using built-in specs.
COLLECT_GCC=/usr/bin/cc
COLLECT_LTO_WRAPPER=/usr/libexec/gcc/i686-redhat-linux/4.8.1/lto-wrapper
Target: i686-redhat-linux
Configured with: ../configure --prefix=/usr --mandir=/usr/share/man --infodir=/usr/share/info --with-bugurl=http://bugzilla.redhat.com/bugzilla --enable-bootstrap --enable-shared --enable-threads=posix --enable-checking=release --with-system-zlib --enable-__cxa_atexit --disable-libunwind-exceptions --enable-gnu-unique-object --enable-linker-build-id --with-linker-hash-style=gnu --enable-languages=c,c++,objc,obj-c++,java,fortran,ada,go,lto --enable-plugin --enable-initfini-array --enable-java-awt=gtk --disable-dssi --with-java-home=/usr/lib/jvm/java-1.5.0-gcj-1.5.0.0/jre --enable-libgcj-multifile --enable-java-maintainer-mode --with-ecj-jar=/usr/share/java/eclipse-ecj.jar --disable-libjava-multilib --with-isl=/builddir/build/BUILD/gcc-4.8.1-20130603/obj-i686-redhat-linux/isl-install --with-cloog=/builddir/build/BUILD/gcc-4.8.1-20130603/obj-i686-redhat-linux/cloog-install --with-tune=generic --with-arch=i686 --build=i686-redhat-linux
Thread model: posix
gcc version 4.8.1 20130603 (Red Hat 4.8.1-1) (GCC) 
COMPILER_PATH=/usr/libexec/gcc/i686-redhat-linux/4.8.1/:/usr/libexec/gcc/i686-redhat-linux/4.8.1/:/usr/libexec/gcc/i686-redhat-linux/:/usr/lib/gcc/i686-redhat-linux/4.8.1/:/usr/lib/gcc/i686-redhat-linux/
LIBRARY_PATH=/usr/lib/gcc/i686-redhat-linux/4.8.1/:/usr/lib/gcc/i686-redhat-linux/4.8.1/../../../:/lib/:/usr/lib/
COLLECT_GCC_OPTIONS='-v' '-o' 'cmTryCompileExec1417018438' '-rdynamic' '-mtune=generic' '-march=i686'
 /usr/libexec/gcc/i686-redhat-linux/4.8.1/collect2 --build-id --no-add-needed --eh-frame-hdr --hash-style=gnu -m elf_i386 -export-dynamic -dynamic-linker /lib/ld-linux.so.2 -o cmTryCompileExec1417018438 /usr/lib/gcc/i686-redhat-linux/4.8.1/../../../crt1.o /usr/lib/gcc/i686-redhat-linux/4.8.1/../../../crti.o /usr/lib/gcc/i686-redhat-linux/4.8.1/crtbegin.o -L/usr/lib/gcc/i686-redhat-linux/4.8.1 -L/usr/lib/gcc/i686-redhat-linux/4.8.1/../../.. CMakeFiles/cmTryCompileExec1417018438.dir/CMakeCCompilerABI.c.o -lgcc --as-needed -lgcc_s --no-as-needed -lc -lgcc --as-needed -lgcc_s --no-as-needed /usr/lib/gcc/i686-redhat-linux/4.8.1/crtend.o /usr/lib/gcc/i686-redhat-linux/4.8.1/../../../crtn.o
gmake[1]: Leaving directory `/root/self-build/CMakeFiles/CMakeTmp'


Parsed C implicit link information from above output:
  link line regex: [^( *|.*[/\])(ld|ld|collect2)[^/\]*( |$)]
  ignore line: [Change Dir: /root/self-build/CMakeFiles/CMakeTmp]
  ignore line: []
  ignore line: [Run Build Command:/usr/bin/gmake "cmTryCompileExec1417018438/fast"]
  ignore line: [/usr/bin/gmake -f CMakeFiles/cmTryCompileExec1417018438.dir/build.make CMakeFiles/cmTryCompileExec1417018438.dir/build]
  ignore line: [gmake[1]: Entering directory `/root/self-build/CMakeFiles/CMakeTmp']
  ignore line: [/usr/bin/cmake -E cmake_progress_report /root/self-build/CMakeFiles/CMakeTmp/CMakeFiles 1]
  ignore line: [Building C object CMakeFiles/cmTryCompileExec1417018438.dir/CMakeCCompilerABI.c.o]
  ignore line: [/usr/lib/ccache/cc    -o CMakeFiles/cmTryCompileExec1417018438.dir/CMakeCCompilerABI.c.o   -c /usr/share/cmake/Modules/CMakeCCompilerABI.c]
  ignore line: [Linking C executable cmTryCompileExec1417018438]
  ignore line: [/usr/bin/cmake -E cmake_link_script CMakeFiles/cmTryCompileExec1417018438.dir/link.txt --verbose=1]
  ignore line: [/usr/lib/ccache/cc       -v CMakeFiles/cmTryCompileExec1417018438.dir/CMakeCCompilerABI.c.o  -o cmTryCompileExec1417018438 -rdynamic  ]
  ignore line: [Using built-in specs.]
  ignore line: [COLLECT_GCC=/usr/bin/cc]
  ignore line: [COLLECT_LTO_WRAPPER=/usr/libexec/gcc/i686-redhat-linux/4.8.1/lto-wrapper]
  ignore line: [Target: i686-redhat-linux]
  ignore line: [Configured with: ../configure --prefix=/usr --mandir=/usr/share/man --infodir=/usr/share/info --with-bugurl=http://bugzilla.redhat.com/bugzilla --enable-bootstrap --enable-shared --enable-threads=posix --enable-checking=release --with-system-zlib --enable-__cxa_atexit --disable-libunwind-exceptions --enable-gnu-unique-object --enable-linker-build-id --with-linker-hash-style=gnu --enable-languages=c,c++,objc,obj-c++,java,fortran,ada,go,lto --enable-plugin --enable-initfini-array --enable-java-awt=gtk --disable-dssi --with-java-home=/usr/lib/jvm/java-1.5.0-gcj-1.5.0.0/jre --enable-libgcj-multifile --enable-java-maintainer-mode --with-ecj-jar=/usr/share/java/eclipse-ecj.jar --disable-libjava-multilib --with-isl=/builddir/build/BUILD/gcc-4.8.1-20130603/obj-i686-redhat-linux/isl-install --with-cloog=/builddir/build/BUILD/gcc-4.8.1-20130603/obj-i686-redhat-linux/cloog-install --with-tune=generic --with-arch=i686 --build=i686-redhat-linux]
  ignore line: [Thread model: posix]
  ignore line: [gcc version 4.8.1 20130603 (Red Hat 4.8.1-1) (GCC) ]
  ignore line: [COMPILER_PATH=/usr/libexec/gcc/i686-redhat-linux/4.8.1/:/usr/libexec/gcc/i686-redhat-linux/4.8.1/:/usr/libexec/gcc/i686-redhat-linux/:/usr/lib/gcc/i686-redhat-linux/4.8.1/:/usr/lib/gcc/i686-redhat-linux/]
  ignore line: [LIBRARY_PATH=/usr/lib/gcc/i686-redhat-linux/4.8.1/:/usr/lib/gcc/i686-redhat-linux/4.8.1/../../../:/lib/:/usr/lib/]
  ignore line: [COLLECT_GCC_OPTIONS='-v' '-o' 'cmTryCompileExec1417018438' '-rdynamic' '-mtune=generic' '-march=i686']
  link line: [ /usr/libexec/gcc/i686-redhat-linux/4.8.1/collect2 --build-id --no-add-needed --eh-frame-hdr --hash-style=gnu -m elf_i386 -export-dynamic -dynamic-linker /lib/ld-linux.so.2 -o cmTryCompileExec1417018438 /usr/lib/gcc/i686-redhat-linux/4.8.1/../../../crt1.o /usr/lib/gcc/i686-redhat-linux/4.8.1/../../../crti.o /usr/lib/gcc/i686-redhat-linux/4.8.1/crtbegin.o -L/usr/lib/gcc/i686-redhat-linux/4.8.1 -L/usr/lib/gcc/i686-redhat-linux/4.8.1/../../.. CMakeFiles/cmTryCompileExec1417018438.dir/CMakeCCompilerABI.c.o -lgcc --as-needed -lgcc_s --no-as-needed -lc -lgcc --as-needed -lgcc_s --no-as-needed /usr/lib/gcc/i686-redhat-linux/4.8.1/crtend.o /usr/lib/gcc/i686-redhat-linux/4.8.1/../../../crtn.o]
    arg [/usr/libexec/gcc/i686-redhat-linux/4.8.1/collect2] ==> ignore
    arg [--build-id] ==> ignore
    arg [--no-add-needed] ==> ignore
    arg [--eh-frame-hdr] ==> ignore
    arg [--hash-style=gnu] ==> ignore
    arg [-m] ==> ignore
    arg [elf_i386] ==> ignore
    arg [-export-dynamic] ==> ignore
    arg [-dynamic-linker] ==> ignore
    arg [/lib/ld-linux.so.2] ==> ignore
    arg [-o] ==> ignore
    arg [cmTryCompileExec1417018438] ==> ignore
    arg [/usr/lib/gcc/i686-redhat-linux/4.8.1/../../../crt1.o] ==> ignore
    arg [/usr/lib/gcc/i686-redhat-linux/4.8.1/../../../crti.o] ==> ignore
    arg [/usr/lib/gcc/i686-redhat-linux/4.8.1/crtbegin.o] ==> ignore
    arg [-L/usr/lib/gcc/i686-redhat-linux/4.8.1] ==> dir [/usr/lib/gcc/i686-redhat-linux/4.8.1]
    arg [-L/usr/lib/gcc/i686-redhat-linux/4.8.1/../../..] ==> dir [/usr/lib/gcc/i686-redhat-linux/4.8.1/../../..]
    arg [CMakeFiles/cmTryCompileExec1417018438.dir/CMakeCCompilerABI.c.o] ==> ignore
    arg [-lgcc] ==> lib [gcc]
    arg [--as-needed] ==> ignore
    arg [-lgcc_s] ==> lib [gcc_s]
    arg [--no-as-needed] ==> ignore
    arg [-lc] ==> lib [c]
    arg [-lgcc] ==> lib [gcc]
    arg [--as-needed] ==> ignore
    arg [-lgcc_s] ==> lib [gcc_s]
    arg [--no-as-needed] ==> ignore
    arg [/usr/lib/gcc/i686-redhat-linux/4.8.1/crtend.o] ==> ignore
    arg [/usr/lib/gcc/i686-redhat-linux/4.8.1/../../../crtn.o] ==> ignore
  remove lib [gcc]
  remove lib [gcc_s]
  remove lib [gcc]
  remove lib [gcc_s]
  collapse library dir [/usr/lib/gcc/i686-redhat-linux/4.8.1] ==> [/usr/lib/gcc/i686-redhat-linux/4.8.1]
  collapse library dir [/usr/lib/gcc/i686-redhat-linux/4.8.1/../../..] ==> [/usr/lib]
  implicit libs: [c]
  implicit dirs: [/usr/lib/gcc/i686-redhat-linux/4.8.1;/usr/lib]
  implicit fwks: []


Determining if the CXX compiler works passed with the following output:
Change Dir: /root/self-build/CMakeFiles/CMakeTmp

Run Build Command:/usr/bin/gmake "cmTryCompileExec2681387141/fast"
/usr/bin/gmake -f CMakeFiles/cmTryCompileExec2681387141.dir/build.make CMakeFiles/cmTryCompileExec2681387141.dir/build
gmake[1]: Entering directory `/root/self-build/CMakeFiles/CMakeTmp'
/usr/bin/cmake -E cmake_progress_report /root/self-build/CMakeFiles/CMakeTmp/CMakeFiles 1
Building CXX object CMakeFiles/cmTryCompileExec2681387141.dir/testCXXCompiler.cxx.o
/usr/lib/ccache/c++     -o CMakeFiles/cmTryCompileExec2681387141.dir/testCXXCompiler.cxx.o -c /root/self-build/CMakeFiles/CMakeTmp/testCXXCompiler.cxx
Linking CXX executable cmTryCompileExec2681387141
/usr/bin/cmake -E cmake_link_script CMakeFiles/cmTryCompileExec2681387141.dir/link.txt --verbose=1
/usr/lib/ccache/c++          CMakeFiles/cmTryCompileExec2681387141.dir/testCXXCompiler.cxx.o  -o cmTryCompileExec2681387141 -rdynamic 
gmake[1]: Leaving directory `/root/self-build/CMakeFiles/CMakeTmp'


Detecting CXX compiler ABI info compiled with the following output:
Change Dir: /root/self-build/CMakeFiles/CMakeTmp

Run Build Command:/usr/bin/gmake "cmTryCompileExec4092018319/fast"
/usr/bin/gmake -f CMakeFiles/cmTryCompileExec4092018319.dir/build.make CMakeFiles/cmTryCompileExec4092018319.dir/build
gmake[1]: Entering directory `/root/self-build/CMakeFiles/CMakeTmp'
/usr/bin/cmake -E cmake_progress_report /root/self-build/CMakeFiles/CMakeTmp/CMakeFiles 1
Building CXX object CMakeFiles/cmTryCompileExec4092018319.dir/CMakeCXXCompilerABI.cpp.o
/usr/lib/ccache/c++     -o CMakeFiles/cmTryCompileExec4092018319.dir/CMakeCXXCompilerABI.cpp.o -c /usr/share/cmake/Modules/CMakeCXXCompilerABI.cpp
Linking CXX executable cmTryCompileExec4092018319
/usr/bin/cmake -E cmake_link_script CMakeFiles/cmTryCompileExec4092018319.dir/link.txt --verbose=1
/usr/lib/ccache/c++        -v CMakeFiles/cmTryCompileExec4092018319.dir/CMakeCXXCompilerABI.cpp.o  -o cmTryCompileExec4092018319 -rdynamic  
Using built-in specs.
COLLECT_GCC=/usr/bin/c++
COLLECT_LTO_WRAPPER=/usr/libexec/gcc/i686-redhat-linux/4.8.1/lto-wrapper
Target: i686-redhat-linux
Configured with: ../configure --prefix=/usr --mandir=/usr/share/man --infodir=/usr/share/info --with-bugurl=http://bugzilla.redhat.com/bugzilla --enable-bootstrap --enable-shared --enable-threads=posix --enable-checking=release --with-system-zlib --enable-__cxa_atexit --disable-libunwind-exceptions --enable-gnu-unique-object --enable-linker-build-id --with-linker-hash-style=gnu --enable-languages=c,c++,objc,obj-c++,java,fortran,ada,go,lto --enable-plugin --enable-initfini-array --enable-java-awt=gtk --disable-dssi --with-java-home=/usr/lib/jvm/java-1.5.0-gcj-1.5.0.0/jre --enable-libgcj-multifile --enable-java-maintainer-mode --with-ecj-jar=/usr/share/java/eclipse-ecj.jar --disable-libjava-multilib --with-isl=/builddir/build/BUILD/gcc-4.8.1-20130603/obj-i686-redhat-linux/isl-install --with-cloog=/builddir/build/BUILD/gcc-4.8.1-20130603/obj-i686-redhat-linux/cloog-install --with-tune=generic --with-arch=i686 --build=i686-redhat-linux
Thread model: posix
gcc version 4.8.1 20130603 (Red Hat 4.8.1-1) (GCC) 
COMPILER_PATH=/usr/libexec/gcc/i686-redhat-linux/4.8.1/:/usr/libexec/gcc/i686-redhat-linux/4.8.1/:/usr/libexec/gcc/i686-redhat-linux/:/usr/lib/gcc/i686-redhat-linux/4.8.1/:/usr/lib/gcc/i686-redhat-linux/
LIBRARY_PATH=/usr/lib/gcc/i686-redhat-linux/4.8.1/:/usr/lib/gcc/i686-redhat-linux/4.8.1/../../../:/lib/:/usr/lib/
COLLECT_GCC_OPTIONS='-v' '-o' 'cmTryCompileExec4092018319' '-rdynamic' '-shared-libgcc' '-mtune=generic' '-march=i686'
 /usr/libexec/gcc/i686-redhat-linux/4.8.1/collect2 --build-id --no-add-needed --eh-frame-hdr --hash-style=gnu -m elf_i386 -export-dynamic -dynamic-linker /lib/ld-linux.so.2 -o cmTryCompileExec4092018319 /usr/lib/gcc/i686-redhat-linux/4.8.1/../../../crt1.o /usr/lib/gcc/i686-redhat-linux/4.8.1/../../../crti.o /usr/lib/gcc/i686-redhat-linux/4.8.1/crtbegin.o -L/usr/lib/gcc/i686-redhat-linux/4.8.1 -L/usr/lib/gcc/i686-redhat-linux/4.8.1/../../.. CMakeFiles/cmTryCompileExec4092018319.dir/CMakeCXXCompilerABI.cpp.o -lstdc++ -lm -lgcc_s -lgcc -lc -lgcc_s -lgcc /usr/lib/gcc/i686-redhat-linux/4.8.1/crtend.o /usr/lib/gcc/i686-redhat-linux/4.8.1/../../../crtn.o
gmake[1]: Leaving directory `/root/self-build/CMakeFiles/CMakeTmp'


Parsed CXX implicit link information from above output:
  link line regex: [^( *|.*[/\])(ld|ld|collect2)[^/\]*( |$)]
  ignore line: [Change Dir: /root/self-build/CMakeFiles/CMakeTmp]
  ignore line: []
  ignore line: [Run Build Command:/usr/bin/gmake "cmTryCompileExec4092018319/fast"]
  ignore line: [/usr/bin/gmake -f CMakeFiles/cmTryCompileExec4092018319.dir/build.make CMakeFiles/cmTryCompileExec4092018319.dir/build]
  ignore line: [gmake[1]: Entering directory `/root/self-build/CMakeFiles/CMakeTmp']
  ignore line: [/usr/bin/cmake -E cmake_progress_report /root/self-build/CMakeFiles/CMakeTmp/CMakeFiles 1]
  ignore line: [Building CXX object CMakeFiles/cmTryCompileExec4092018319.dir/CMakeCXXCompilerABI.cpp.o]
  ignore line: [/usr/lib/ccache/c++     -o CMakeFiles/cmTryCompileExec4092018319.dir/CMakeCXXCompilerABI.cpp.o -c /usr/share/cmake/Modules/CMakeCXXCompilerABI.cpp]
  ignore line: [Linking CXX executable cmTryCompileExec4092018319]
  ignore line: [/usr/bin/cmake -E cmake_link_script CMakeFiles/cmTryCompileExec4092018319.dir/link.txt --verbose=1]
  ignore line: [/usr/lib/ccache/c++        -v CMakeFiles/cmTryCompileExec4092018319.dir/CMakeCXXCompilerABI.cpp.o  -o cmTryCompileExec4092018319 -rdynamic  ]
  ignore line: [Using built-in specs.]
  ignore line: [COLLECT_GCC=/usr/bin/c++]
  ignore line: [COLLECT_LTO_WRAPPER=/usr/libexec/gcc/i686-redhat-linux/4.8.1/lto-wrapper]
  ignore line: [Target: i686-redhat-linux]
  ignore line: [Configured with: ../configure --prefix=/usr --mandir=/usr/share/man --infodir=/usr/share/info --with-bugurl=http://bugzilla.redhat.com/bugzilla --enable-bootstrap --enable-shared --enable-threads=posix --enable-checking=release --with-system-zlib --enable-__cxa_atexit --disable-libunwind-exceptions --enable-gnu-unique-object --enable-linker-build-id --with-linker-hash-style=gnu --enable-languages=c,c++,objc,obj-c++,java,fortran,ada,go,lto --enable-plugin --enable-initfini-array --enable-java-awt=gtk --disable-dssi --with-java-home=/usr/lib/jvm/java-1.5.0-gcj-1.5.0.0/jre --enable-libgcj-multifile --enable-java-maintainer-mode --with-ecj-jar=/usr/share/java/eclipse-ecj.jar --disable-libjava-multilib --with-isl=/builddir/build/BUILD/gcc-4.8.1-20130603/obj-i686-redhat-linux/isl-install --with-cloog=/builddir/build/BUILD/gcc-4.8.1-20130603/obj-i686-redhat-linux/cloog-install --with-tune=generic --with-arch=i686 --build=i686-redhat-linux]
  ignore line: [Thread model: posix]
  ignore line: [gcc version 4.8.1 20130603 (Red Hat 4.8.1-1) (GCC) ]
  ignore line: [COMPILER_PATH=/usr/libexec/gcc/i686-redhat-linux/4.8.1/:/usr/libexec/gcc/i686-redhat-linux/4.8.1/:/usr/libexec/gcc/i686-redhat-linux/:/usr/lib/gcc/i686-redhat-linux/4.8.1/:/usr/lib/gcc/i686-redhat-linux/]
  ignore line: [LIBRARY_PATH=/usr/lib/gcc/i686-redhat-linux/4.8.1/:/usr/lib/gcc/i686-redhat-linux/4.8.1/../../../:/lib/:/usr/lib/]
  ignore line: [COLLECT_GCC_OPTIONS='-v' '-o' 'cmTryCompileExec4092018319' '-rdynamic' '-shared-libgcc' '-mtune=generic' '-march=i686']
  link line: [ /usr/libexec/gcc/i686-redhat-linux/4.8.1/collect2 --build-id --no-add-needed --eh-frame-hdr --hash-style=gnu -m elf_i386 -export-dynamic -dynamic-linker /lib/ld-linux.so.2 -o cmTryCompileExec4092018319 /usr/lib/gcc/i686-redhat-linux/4.8.1/../../../crt1.o /usr/lib/gcc/i686-redhat-linux/4.8.1/../../../crti.o /usr/lib/gcc/i686-redhat-linux/4.8.1/crtbegin.o -L/usr/lib/gcc/i686-redhat-linux/4.8.1 -L/usr/lib/gcc/i686-redhat-linux/4.8.1/../../.. CMakeFiles/cmTryCompileExec4092018319.dir/CMakeCXXCompilerABI.cpp.o -lstdc++ -lm -lgcc_s -lgcc -lc -lgcc_s -lgcc /usr/lib/gcc/i686-redhat-linux/4.8.1/crtend.o /usr/lib/gcc/i686-redhat-linux/4.8.1/../../../crtn.o]
    arg [/usr/libexec/gcc/i686-redhat-linux/4.8.1/collect2] ==> ignore
    arg [--build-id] ==> ignore
    arg [--no-add-needed] ==> ignore
    arg [--eh-frame-hdr] ==> ignore
    arg [--hash-style=gnu] ==> ignore
    arg [-m] ==> ignore
    arg [elf_i386] ==> ignore
    arg [-export-dynamic] ==> ignore
    arg [-dynamic-linker] ==> ignore
    arg [/lib/ld-linux.so.2] ==> ignore
    arg [-o] ==> ignore
    arg [cmTryCompileExec4092018319] ==> ignore
    arg [/usr/lib/gcc/i686-redhat-linux/4.8.1/../../../crt1.o] ==> ignore
    arg [/usr/lib/gcc/i686-redhat-linux/4.8.1/../../../crti.o] ==> ignore
    arg [/usr/lib/gcc/i686-redhat-linux/4.8.1/crtbegin.o] ==> ignore
    arg [-L/usr/lib/gcc/i686-redhat-linux/4.8.1] ==> dir [/usr/lib/gcc/i686-redhat-linux/4.8.1]
    arg [-L/usr/lib/gcc/i686-redhat-linux/4.8.1/../../..] ==> dir [/usr/lib/gcc/i686-redhat-linux/4.8.1/../../..]
    arg [CMakeFiles/cmTryCompileExec4092018319.dir/CMakeCXXCompilerABI.cpp.o] ==> ignore
    arg [-lstdc++] ==> lib [stdc++]
    arg [-lm] ==> lib [m]
    arg [-lgcc_s] ==> lib [gcc_s]
    arg [-lgcc] ==> lib [gcc]
    arg [-lc] ==> lib [c]
    arg [-lgcc_s] ==> lib [gcc_s]
    arg [-lgcc] ==> lib [gcc]
    arg [/usr/lib/gcc/i686-redhat-linux/4.8.1/crtend.o] ==> ignore
    arg [/usr/lib/gcc/i686-redhat-linux/4.8.1/../../../crtn.o] ==> ignore
  remove lib [gcc_s]
  remove lib [gcc]
  remove lib [gcc_s]
  remove lib [gcc]
  collapse library dir [/usr/lib/gcc/i686-redhat-linux/4.8.1] ==> [/usr/lib/gcc/i686-redhat-linux/4.8.1]
  collapse library dir [/usr/lib/gcc/i686-redhat-linux/4.8.1/../../..] ==> [/usr/lib]
  implicit libs: [stdc++;m;c]
  implicit dirs: [/usr/lib/gcc/i686-redhat-linux/4.8.1;/usr/lib]
  implicit fwks: []


Determining if files pthread.h exist passed with the following output:
Change Dir: /root/self-build/CMakeFiles/CMakeTmp

Run Build Command:/usr/bin/gmake "cmTryCompileExec789866759/fast"
/usr/bin/gmake -f CMakeFiles/cmTryCompileExec789866759.dir/build.make CMakeFiles/cmTryCompileExec789866759.dir/build
gmake[1]: Entering directory `/root/self-build/CMakeFiles/CMakeTmp'
/usr/bin/cmake -E cmake_progress_report /root/self-build/CMakeFiles/CMakeTmp/CMakeFiles 1
Building C object CMakeFiles/cmTryCompileExec789866759.dir/CheckIncludeFiles.c.o
/usr/lib/ccache/cc    -o CMakeFiles/cmTryCompileExec789866759.dir/CheckIncludeFiles.c.o   -c /root/self-build/CMakeFiles/CMakeTmp/CheckIncludeFiles.c
Linking C executable cmTryCompileExec789866759
/usr/bin/cmake -E cmake_link_script CMakeFiles/cmTryCompileExec789866759.dir/link.txt --verbose=1
/usr/lib/ccache/cc         CMakeFiles/cmTryCompileExec789866759.dir/CheckIncludeFiles.c.o  -o cmTryCompileExec789866759 -rdynamic 
gmake[1]: Leaving directory `/root/self-build/CMakeFiles/CMakeTmp'


Determining if the function pthread_create exists in the pthread passed with the following output:
Change Dir: /root/self-build/CMakeFiles/CMakeTmp

Run Build Command:/usr/bin/gmake "cmTryCompileExec2512770988/fast"
/usr/bin/gmake -f CMakeFiles/cmTryCompileExec2512770988.dir/build.make CMakeFiles/cmTryCompileExec2512770988.dir/build
gmake[1]: Entering directory `/root/self-build/CMakeFiles/CMakeTmp'
/usr/bin/cmake -E cmake_progress_report /root/self-build/CMakeFiles/CMakeTmp/CMakeFiles 1
Building C object CMakeFiles/cmTryCompileExec2512770988.dir/CheckFunctionExists.c.o
/usr/lib/ccache/cc   -DCHECK_FUNCTION_EXISTS=pthread_create   -o CMakeFiles/cmTryCompileExec2512770988.dir/CheckFunctionExists.c.o   -c /usr/share/cmake/Modules/CheckFunctionExists.c
Linking C executable cmTryCompileExec2512770988
/usr/bin/cmake -E cmake_link_script CMakeFiles/cmTryCompileExec2512770988.dir/link.txt --verbose=1
/usr/lib/ccache/cc     -DCHECK_FUNCTION_EXISTS=pthread_create    CMakeFiles/cmTryCompileExec2512770988.dir/CheckFunctionExists.c.o  -o cmTryCompileExec2512770988 -rdynamic -lpthread 
gmake[1]: Leaving directory `/root/self-build/CMakeFiles/CMakeTmp'


